[09-Nov-2024 19:05:39] NOTICE: fpm is running, pid 3744
[09-Nov-2024 19:05:39] NOTICE: ready to handle connections
[09-Nov-2024 20:29:13] NOTICE: Terminating ...
[09-Nov-2024 20:29:13] NOTICE: Terminating ...
[09-Nov-2024 20:29:13] NOTICE: exiting, bye-bye!
[09-Nov-2024 20:43:24] NOTICE: fpm is running, pid 5890
[09-Nov-2024 20:43:24] NOTICE: ready to handle connections
[09-Nov-2024 21:27:10] NOTICE: Terminating ...
[09-Nov-2024 21:27:10] NOTICE: Terminating ...
[09-Nov-2024 21:27:10] NOTICE: exiting, bye-bye!
[09-Nov-2024 21:27:12] NOTICE: fpm is running, pid 6438
[09-Nov-2024 21:27:12] NOTICE: ready to handle connections
[09-Nov-2024 21:27:17] NOTICE: Terminating ...
[09-Nov-2024 21:27:17] NOTICE: Terminating ...
[09-Nov-2024 21:27:17] NOTICE: exiting, bye-bye!
[09-Nov-2024 21:27:18] NOTICE: fpm is running, pid 6482
[09-Nov-2024 21:27:18] NOTICE: ready to handle connections
[10-Nov-2024 02:18:03] NOTICE: Terminating ...
[10-Nov-2024 02:18:03] NOTICE: Terminating ...
[10-Nov-2024 02:18:03] NOTICE: exiting, bye-bye!
[11-Nov-2024 22:05:21] NOTICE: fpm is running, pid 25841
[11-Nov-2024 22:05:21] NOTICE: ready to handle connections
[11-Nov-2024 22:05:31] NOTICE: Terminating ...
[11-Nov-2024 22:05:31] NOTICE: Terminating ...
[11-Nov-2024 22:05:31] NOTICE: exiting, bye-bye!
[11-Nov-2024 22:05:38] NOTICE: fpm is running, pid 25896
[11-Nov-2024 22:05:38] NOTICE: ready to handle connections
[11-Nov-2024 22:06:14] NOTICE: Terminating ...
[11-Nov-2024 22:06:14] NOTICE: Terminating ...
[11-Nov-2024 22:06:14] NOTICE: exiting, bye-bye!
[15-Nov-2024 18:17:16] NOTICE: fpm is running, pid 96456
[15-Nov-2024 18:17:16] NOTICE: ready to handle connections
[15-Nov-2024 23:07:41] NOTICE: Terminating ...
[15-Nov-2024 23:07:41] NOTICE: Terminating ...
[15-Nov-2024 23:07:41] NOTICE: exiting, bye-bye!
[15-Nov-2024 23:27:50] NOTICE: fpm is running, pid 99129
[15-Nov-2024 23:27:50] NOTICE: ready to handle connections
[15-Nov-2024 23:44:00] NOTICE: Terminating ...
[15-Nov-2024 23:44:00] NOTICE: Terminating ...
[15-Nov-2024 23:44:00] NOTICE: exiting, bye-bye!
[17-Nov-2024 22:48:14] NOTICE: fpm is running, pid 6099
[17-Nov-2024 22:48:14] NOTICE: ready to handle connections
[19-Nov-2024 01:40:00] NOTICE: Terminating ...
[19-Nov-2024 01:40:00] NOTICE: Terminating ...
[19-Nov-2024 01:40:00] NOTICE: exiting, bye-bye!
[28-Nov-2024 19:42:17] NOTICE: fpm is running, pid 34951
[28-Nov-2024 19:42:17] NOTICE: ready to handle connections
[29-Nov-2024 00:39:44] NOTICE: Terminating ...
[29-Nov-2024 00:39:44] NOTICE: Terminating ...
[29-Nov-2024 00:39:44] NOTICE: exiting, bye-bye!
[03-Dec-2024 16:36:04] NOTICE: fpm is running, pid 92810
[03-Dec-2024 16:36:04] NOTICE: ready to handle connections
[04-Dec-2024 08:56:07] NOTICE: Terminating ...
[04-Dec-2024 08:56:07] NOTICE: Terminating ...
[04-Dec-2024 08:56:07] NOTICE: exiting, bye-bye!
[05-Dec-2024 11:25:49] NOTICE: fpm is running, pid 2253
[05-Dec-2024 11:25:49] NOTICE: ready to handle connections
[05-Dec-2024 16:16:48] NOTICE: Terminating ...
[05-Dec-2024 16:16:48] NOTICE: Terminating ...
[05-Dec-2024 16:16:48] NOTICE: exiting, bye-bye!
[09-Dec-2024 12:52:06] NOTICE: fpm is running, pid 58043
[09-Dec-2024 12:52:06] NOTICE: ready to handle connections
[09-Dec-2024 14:29:36] NOTICE: Terminating ...
[09-Dec-2024 14:29:36] NOTICE: Terminating ...
[09-Dec-2024 14:29:36] NOTICE: exiting, bye-bye!
[09-Dec-2024 14:43:43] NOTICE: fpm is running, pid 60332
[09-Dec-2024 14:43:43] NOTICE: ready to handle connections
[10-Dec-2024 01:38:22] NOTICE: Terminating ...
[10-Dec-2024 01:38:22] NOTICE: Terminating ...
[10-Dec-2024 01:38:22] NOTICE: exiting, bye-bye!
[10-Dec-2024 10:25:09] NOTICE: fpm is running, pid 68480
[10-Dec-2024 10:25:09] NOTICE: ready to handle connections
[11-Dec-2024 00:32:11] NOTICE: Terminating ...
[11-Dec-2024 00:32:11] NOTICE: Terminating ...
[11-Dec-2024 00:32:11] NOTICE: exiting, bye-bye!
[11-Dec-2024 15:21:26] NOTICE: fpm is running, pid 84251
[11-Dec-2024 15:21:26] NOTICE: ready to handle connections
[12-Dec-2024 00:20:34] NOTICE: Terminating ...
[12-Dec-2024 00:20:34] NOTICE: Terminating ...
[12-Dec-2024 00:20:34] NOTICE: exiting, bye-bye!
[27-Dec-2024 01:39:47] NOTICE: fpm is running, pid 40141
[27-Dec-2024 01:39:47] NOTICE: ready to handle connections
